Preprocessing...
100%|███████████████████████████████████████████████████████████████████████████████████████████████████████████████████████████████████████████████████████████████████████████████████████████████| 150000/150000 [01:41<00:00, 1476.20it/s]
Train size: 135000. Dev size: 15000 
Total param: 1049073
  0%|                                                                                                                                                                                                                | 0/1055 [00:00<?, ?it/s]Note: skipping first training epoch in order to see the loss before training!
  0%|                                                                                                                                                                                                                | 0/1055 [00:00<?, ?it/s]
Ground truth: -0.7239994406700134, pred: tensor([0.2390], device='cuda:0')
[001/010] 3.70 sec(s) Train Loss: 0.000000 | Val loss: 0.001885
100%|█████████████████████████████████████████████████████████████████████████████████████████████████████████████████████████████████████████████████████████████████████████████████████████████████████| 1055/1055 [00:41<00:00, 25.25it/s]
Ground truth: -0.7239994406700134, pred: tensor([-0.9017], device='cuda:0')
[002/010] 45.06 sec(s) Train Loss: 0.000102 | Val loss: 0.000031
100%|█████████████████████████████████████████████████████████████████████████████████████████████████████████████████████████████████████████████████████████████████████████████████████████████████████| 1055/1055 [00:41<00:00, 25.27it/s]
Ground truth: -0.7239994406700134, pred: tensor([-0.7914], device='cuda:0')
[003/010] 45.03 sec(s) Train Loss: 0.000019 | Val loss: 0.000013
100%|█████████████████████████████████████████████████████████████████████████████████████████████████████████████████████████████████████████████████████████████████████████████████████████████████████| 1055/1055 [00:41<00:00, 25.34it/s]
Ground truth: -0.7239994406700134, pred: tensor([-0.6887], device='cuda:0')
[004/010] 44.90 sec(s) Train Loss: 0.000012 | Val loss: 0.000014
100%|█████████████████████████████████████████████████████████████████████████████████████████████████████████████████████████████████████████████████████████████████████████████████████████████████████| 1055/1055 [00:41<00:00, 25.26it/s]
Ground truth: -0.7239994406700134, pred: tensor([-0.7658], device='cuda:0')
[005/010] 45.02 sec(s) Train Loss: 0.000009 | Val loss: 0.000012
100%|█████████████████████████████████████████████████████████████████████████████████████████████████████████████████████████████████████████████████████████████████████████████████████████████████████| 1055/1055 [00:41<00:00, 25.33it/s]
Ground truth: -0.7239994406700134, pred: tensor([-0.6960], device='cuda:0')
[006/010] 44.93 sec(s) Train Loss: 0.000008 | Val loss: 0.000008
100%|█████████████████████████████████████████████████████████████████████████████████████████████████████████████████████████████████████████████████████████████████████████████████████████████████████| 1055/1055 [00:41<00:00, 25.36it/s]
Ground truth: -0.7239994406700134, pred: tensor([-0.6930], device='cuda:0')
[007/010] 44.92 sec(s) Train Loss: 0.000007 | Val loss: 0.000009
100%|█████████████████████████████████████████████████████████████████████████████████████████████████████████████████████████████████████████████████████████████████████████████████████████████████████| 1055/1055 [00:41<00:00, 25.21it/s]
Ground truth: -0.7239994406700134, pred: tensor([-0.6942], device='cuda:0')
[008/010] 45.13 sec(s) Train Loss: 0.000006 | Val loss: 0.000008
100%|█████████████████████████████████████████████████████████████████████████████████████████████████████████████████████████████████████████████████████████████████████████████████████████████████████| 1055/1055 [00:42<00:00, 24.99it/s]
Ground truth: -0.7239994406700134, pred: tensor([-0.7360], device='cuda:0')
[009/010] 45.51 sec(s) Train Loss: 0.000006 | Val loss: 0.000012
100%|█████████████████████████████████████████████████████████████████████████████████████████████████████████████████████████████████████████████████████████████████████████████████████████████████████| 1055/1055 [00:41<00:00, 25.29it/s]
Ground truth: -0.7239994406700134, pred: tensor([-0.6820], device='cuda:0')
[010/010] 44.96 sec(s) Train Loss: 0.000005 | Val loss: 0.000008
